#
# There is insufficient memory for the Java Runtime Environment to continue.
# Native memory allocation (malloc) failed to allocate 1048576 bytes for AllocateHeap
# Possible reasons:
#   The system is out of physical RAM or swap space
#   In 32 bit mode, the process size limit was hit
# Possible solutions:
#   Reduce memory load on the system
#   Increase physical memory or swap space
#   Check if swap backing store is full
#   Use 64 bit Java on a 64 bit OS
#   Decrease Java heap size (-Xmx/-Xms)
#   Decrease number of Java threads
#   Decrease Java thread stack sizes (-Xss)
#   Set larger code cache with -XX:ReservedCodeCacheSize=
# This output file may be truncated or incomplete.
#
#  Out of Memory Error (memory/allocation.inline.hpp:61), pid=18640, tid=0x0000000000002fa4
#
# JRE version:  (8.0_151-b12) (build )
# Java VM: Java HotSpot(TM) 64-Bit Server VM (25.151-b12 mixed mode windows-amd64 compressed oops)
# Failed to write core dump. Minidumps are not enabled by default on client versions of Windows
#

---------------  T H R E A D  ---------------

Current thread (0x00000000032dd000):  JavaThread "Unknown thread" [_thread_in_vm, id=12196, stack(0x00000000031d0000,0x00000000032d0000)]

Stack: [0x00000000031d0000,0x00000000032d0000]
[error occurred during error reporting (printing stack bounds), id 0xc0000005]

Native frames: (J=compiled Java code, j=interpreted, Vv=VM code, C=native code)


---------------  P R O C E S S  ---------------

Java Threads: ( => current thread )

Other Threads:

=>0x00000000032dd000 (exited) JavaThread "Unknown thread" [_thread_in_vm, id=12196, stack(0x00000000031d0000,0x00000000032d0000)]

VM state:not at safepoint (normal execution)

VM Mutex/Monitor currently owned by a thread: None

Heap:
 PSYoungGen      total 38400K, used 665K [0x00000000fd580000, 0x0000000100000000, 0x0000000100000000)
  eden space 33280K, 2% used [0x00000000fd580000,0x00000000fd626670,0x00000000ff600000)
  from space 5120K, 0% used [0x00000000ffb00000,0x00000000ffb00000,0x0000000100000000)
  to   space 5120K, 0% used [0x00000000ff600000,0x00000000ff600000,0x00000000ffb00000)
 ParOldGen       total 87552K, used 0K [0x00000000f8000000, 0x00000000fd580000, 0x00000000fd580000)
  object space 87552K, 0% used [0x00000000f8000000,0x00000000f8000000,0x00000000fd580000)
 Metaspace       used 783K, capacity 1092K, committed 1152K, reserved 1060864K
  class space    used 75K, capacity 384K, committed 384K, reserved 1048576K

Card table byte_map: [0x0000000002bf0000,0x0000000002c40000] byte_map_base: 0x0000000002430000

Marking Bits: (ParMarkBitMap*) 0x000000005f2ed850
 Begin Bits: [0x0000000012b90000, 0x0000000012d90000)
 End Bits:   [0x0000000012d90000, 0x0000000012f90000)

Polling page: 0x0000000000f50000

CodeCache: size=245760Kb used=328Kb max_used=328Kb free=245431Kb
 bounds [0x00000000033d0000, 0x0000000003640000, 0x00000000123d0000]
 total_blobs=58 nmethods=0 adapters=38
 compilation: enabled

Compilation events (0 events):
No events

GC Heap History (0 events):
No events

Deoptimization events (0 events):
No events

Internal exceptions (0 events):
No events

Events (10 events):
Event: 0.029 loading class java/lang/Short
Event: 0.030 loading class java/lang/Short done
Event: 0.030 loading class java/lang/Integer
Event: 0.030 loading class java/lang/Integer done
Event: 0.030 loading class java/lang/Long
Event: 0.030 loading class java/lang/Long done
Event: 0.030 loading class java/lang/NullPointerException
Event: 0.030 loading class java/lang/NullPointerException done
Event: 0.030 loading class java/lang/ArithmeticException
Event: 0.030 loading class java/lang/ArithmeticException done


Dynamic libraries:
0x00007ff6a16c0000 - 0x00007ff6a16f7000 	C:\Program Files\Java\jdk1.8.0_151\bin\java.exe
0x00007ffb53680000 - 0x00007ffb53870000 	C:\Windows\SYSTEM32\ntdll.dll
0x00007ffb53140000 - 0x00007ffb531f3000 	C:\Windows\System32\KERNEL32.DLL
0x00007ffb51300000 - 0x00007ffb515a5000 	C:\Windows\System32\KERNELBASE.dll
0x00007ffb51720000 - 0x00007ffb517c3000 	C:\Windows\System32\ADVAPI32.dll
0x00007ffb53260000 - 0x00007ffb532fe000 	C:\Windows\System32\msvcrt.dll
0x00007ffb53530000 - 0x00007ffb535c7000 	C:\Windows\System32\sechost.dll
0x00007ffb53370000 - 0x00007ffb5348f000 	C:\Windows\System32\RPCRT4.dll
0x00007ffb52150000 - 0x00007ffb522e4000 	C:\Windows\System32\USER32.dll
0x00007ffb50830000 - 0x00007ffb50851000 	C:\Windows\System32\win32u.dll
0x00007ffb51c50000 - 0x00007ffb51c76000 	C:\Windows\System32\GDI32.dll
0x00007ffb509b0000 - 0x00007ffb50b48000 	C:\Windows\System32\gdi32full.dll
0x00007ffb505f0000 - 0x00007ffb5068e000 	C:\Windows\System32\msvcp_win.dll
0x00007ffb508b0000 - 0x00007ffb509aa000 	C:\Windows\System32\ucrtbase.dll
0x00007ffb41810000 - 0x00007ffb41a94000 	C:\Windows\WinSxS\amd64_microsoft.windows.common-controls_6595b64144ccf1df_6.0.18362.1916_none_9e7a3577e461ddbd\COMCTL32.dll
0x00007ffb52b20000 - 0x00007ffb52e56000 	C:\Windows\System32\combase.dll
0x00007ffb507a0000 - 0x00007ffb50824000 	C:\Windows\System32\bcryptPrimitives.dll
0x00007ffb53500000 - 0x00007ffb5352e000 	C:\Windows\System32\IMM32.DLL
0x000000005f370000 - 0x000000005f442000 	C:\Program Files\Java\jdk1.8.0_151\jre\bin\msvcr100.dll
0x000000005ead0000 - 0x000000005f36d000 	C:\Program Files\Java\jdk1.8.0_151\jre\bin\server\jvm.dll
0x00007ffb534f0000 - 0x00007ffb534f8000 	C:\Windows\System32\PSAPI.DLL
0x00007ffb493c0000 - 0x00007ffb493e4000 	C:\Windows\SYSTEM32\WINMM.dll
0x00007ffb491f0000 - 0x00007ffb491fa000 	C:\Windows\SYSTEM32\VERSION.dll
0x00007ffb4e130000 - 0x00007ffb4e139000 	C:\Windows\SYSTEM32\WSOCK32.dll
0x00007ffb52fa0000 - 0x00007ffb5300f000 	C:\Windows\System32\WS2_32.dll
0x00007ffb49390000 - 0x00007ffb493bd000 	C:\Windows\SYSTEM32\winmmbase.dll
0x00007ffb50860000 - 0x00007ffb508aa000 	C:\Windows\System32\cfgmgr32.dll
0x000000005f470000 - 0x000000005f47f000 	C:\Program Files\Java\jdk1.8.0_151\jre\bin\verify.dll
0x000000005eaa0000 - 0x000000005eac9000 	C:\Program Files\Java\jdk1.8.0_151\jre\bin\java.dll
0x000000005ea80000 - 0x000000005ea96000 	C:\Program Files\Java\jdk1.8.0_151\jre\bin\zip.dll

VM Arguments:
jvm_args: -Xmx128m 
java_command: org.apache.spark.launcher.Main org.apache.spark.deploy.SparkSubmit --conf spark.app.name=miniProject --conf spark.master=local[*] pyspark-shell
java_class_path (initial): C:\spark2\spark-2.4.1-bin-hadoop2.7\spark-2.4.1-bin-hadoop2.7\jars\activation-1.1.1.jar;C:\spark2\spark-2.4.1-bin-hadoop2.7\spark-2.4.1-bin-hadoop2.7\jars\aircompressor-0.10.jar;C:\spark2\spark-2.4.1-bin-hadoop2.7\spark-2.4.1-bin-hadoop2.7\jars\antlr-2.7.7.jar;C:\spark2\spark-2.4.1-bin-hadoop2.7\spark-2.4.1-bin-hadoop2.7\jars\antlr-runtime-3.4.jar;C:\spark2\spark-2.4.1-bin-hadoop2.7\spark-2.4.1-bin-hadoop2.7\jars\antlr4-runtime-4.7.jar;C:\spark2\spark-2.4.1-bin-hadoop2.7\spark-2.4.1-bin-hadoop2.7\jars\aopalliance-1.0.jar;C:\spark2\spark-2.4.1-bin-hadoop2.7\spark-2.4.1-bin-hadoop2.7\jars\aopalliance-repackaged-2.4.0-b34.jar;C:\spark2\spark-2.4.1-bin-hadoop2.7\spark-2.4.1-bin-hadoop2.7\jars\apache-log4j-extras-1.2.17.jar;C:\spark2\spark-2.4.1-bin-hadoop2.7\spark-2.4.1-bin-hadoop2.7\jars\apacheds-i18n-2.0.0-M15.jar;C:\spark2\spark-2.4.1-bin-hadoop2.7\spark-2.4.1-bin-hadoop2.7\jars\apacheds-kerberos-codec-2.0.0-M15.jar;C:\spark2\spark-2.4.1-bin-hadoop2.7\spark-2.4.1-bin-hadoop2.7\jars\api-asn1-api-1.0.0-M20.jar;C:\spark2\spark-2.4.1-bin-hadoop2.7\spark-2.4.1-bin-hadoop2.7\jars\api-util-1.0.0-M20.jar;C:\spark2\spark-2.4.1-bin-hadoop2.7\spark-2.4.1-bin-hadoop2.7\jars\arpack_combined_all-0.1.jar;C:\spark2\spark-2.4.1-bin-hadoop2.7\spark-2.4.1-bin-hadoop2.7\jars\arrow-format-0.10.0.jar;C:\spark2\spark-2.4.1-bin-hadoop2.7\spark-2.4.1-bin-hadoop2.7\jars\arrow-memory-0.10.0.jar;C:\spark2\spark-2.4.1-bin-hadoop2.7\spark-2.4.1-bin-hadoop2.7\jars\arrow-vector-0.10.0.jar;C:\spark2\spark-2.4.1-bin-hadoop2.7\spark-2.4.1-bin-hadoop2.7\jars\automaton-1.11-8.jar;C:\spark2\spark-2.4.1-bin-hadoop2.7\spark-2.4.1-bin-hadoop2.7\jars\avro-1.8.2.jar;C:\spark2\spark-2.4.1-bin-hadoop2.7\spark-2.4.1-bin-hadoop2.7\jars\avro-ipc-1.8.2.jar;C:\spark2\spark-2.4.1-bin-hadoop2.7\spark-2.4.1-bin-hadoop2.7\jars\avro-mapred-1.8.2-hadoop2.jar;C:\spark2\spark-2.4.1-bin-hadoop2.7\spark-2.4.1-bin-hadoop2.7\jars\bonecp-0.8.0.RELEASE.jar;C:\spark2\spark-2.4.1-bin-hadoop2.7\spark-2.4
Launcher Type: SUN_STANDARD

Environment Variables:
JAVA_HOME=C:\Program Files\Java\jdk1.8.0_151
CLASSPATH=.;C:\Program Files (x86)\scala\lib;C:\Program Files (x86)\scala\bin
PATH=C:\Anaconda3\envs\tensorflow-gpu\Library\bin;C:\Anaconda3\envs\tensorflow-gpu;C:\Anaconda3\envs\tensorflow-gpu\Library\mingw-w64\bin;C:\Anaconda3\envs\tensorflow-gpu\Library\usr\bin;C:\Anaconda3\envs\tensorflow-gpu\Library\bin;C:\Anaconda3\envs\tensorflow-gpu\Scripts;C:\Anaconda3\envs\tensorflow-gpu\bin;C:\Anaconda3\condabin;C:\Anaconda3;C:\Anaconda3\Library\mingw-w64\bin;C:\Anaconda3\Library\usr\bin;C:\Anaconda3\Library\bin;C:\Anaconda3\Scripts;C:\Program Files (x86)\Common Files\Intel\Shared Libraries\redist\intel64\compiler;C:\ProgramData\Oracle\Java\javapath;C:\python36\Scripts;C:\python36;C:\python27;C:\python27\Scripts;C:\WINDOWS\system32;C:\WINDOWS;C:\WINDOWS\System32\Wbem;C:\WINDOWS\System32\WindowsPowerShell\v1.0;C:\Program Files\Git\cmd;C:\Program Files\Java\jdk1.8.0_151\bin;C:\Program Files\Java\jdk1.8.0_151\jre\bin;C:\WINDOWS\System32\OpenSSH;D:\matlab\bin;C:\python36\Lib\site-packages\django\bin;D:\nvm\nvm;D:\nvm\nvm\v6.4.0;D:\nvm\nvm\v8.4.0;D:\graphviz\bin;D:\xftp6\Xftp.exe;C:\Program Files (x86)\dotnet;D:\anaconda;D:\anaconda\Scripts;C:\mysql\bin;C:\maven\bin;C:\Program Files\Git;C:\Program Files\NVIDIA Corporation\NVSMI;C:\Program Files (x86)\NetSarang\Xshell 7;C:\Program Files (x86)\scala\bin;C:\spark2\spark-2.4.1-bin-hadoop2.7\spark-2.4.1-bin-hadoop2.7\bin;C:\hadhoop\hadoop-2.7.0\hadoop-2.7.0\sbin;C:\hadhoop\hadoop-2.7.0\hadoop-2.7.0\bin;C:\Program Files\MIT\Kerberos\bin;C:\redis\Redis-x64-5.0.10;C:\mongodb\installedlocation\bin;C:\spark2\spark-2.4.1-bin-hadoop2.7\spark-2.4.1-bin-hadoop2.7\sbin;C:\Hbase\bin;C:\Hbase\lib;C:\Users\15216\AppData\Local\Microsoft\WindowsApps;D:\nvm\nvm;D:\nvm;.;D:\VS CODE\Microsoft VS Code\bin;C:\Program Files\JetBrains\IntelliJ IDEA 2020.3.3\bin;.;C:\Program Files\JetBrains\PyCharm 2021.2.3\bin;.;C:\Anaconda3\envs\tensorflow-gpu\lib\site-packages\numpy\.libs
USERNAME=15216
OS=Windows_NT
PROCESSOR_IDENTIFIER=Intel64 Family 6 Model 60 Stepping 3, GenuineIntel



---------------  S Y S T E M  ---------------

OS: Windows 10.0 , 64 bit Build 18362 (10.0.18362.1916)

CPU:total 4 (initial active 4) (2 cores per cpu, 2 threads per core) family 6 model 60 stepping 3, cmov, cx8, fxsr, mmx, sse, sse2, sse3, ssse3, sse4.1, sse4.2, popcnt, avx, avx2, aes, clmul, erms, lzcnt, ht, tsc, tscinvbit, bmi1, bmi2

Memory: 4k page, physical 12469244k(3766260k free), swap 18760700k(5600k free)

vm_info: Java HotSpot(TM) 64-Bit Server VM (25.151-b12) for windows-amd64 JRE (1.8.0_151-b12), built on Sep  5 2017 19:33:46 by "java_re" with MS VC++ 10.0 (VS2010)

time: Tue Dec 14 17:07:20 2021
elapsed time: 0 seconds (0d 0h 0m 0s)

