#
# There is insufficient memory for the Java Runtime Environment to continue.
# Native memory allocation (malloc) failed to allocate 32744 bytes for ChunkPool::allocate
# Possible reasons:
#   The system is out of physical RAM or swap space
#   In 32 bit mode, the process size limit was hit
# Possible solutions:
#   Reduce memory load on the system
#   Increase physical memory or swap space
#   Check if swap backing store is full
#   Use 64 bit Java on a 64 bit OS
#   Decrease Java heap size (-Xmx/-Xms)
#   Decrease number of Java threads
#   Decrease Java thread stack sizes (-Xss)
#   Set larger code cache with -XX:ReservedCodeCacheSize=
# This output file may be truncated or incomplete.
#
#  Out of Memory Error (allocation.cpp:273), pid=24092, tid=0x00000000000042dc
#
# JRE version: Java(TM) SE Runtime Environment (8.0_151-b12) (build 1.8.0_151-b12)
# Java VM: Java HotSpot(TM) 64-Bit Server VM (25.151-b12 mixed mode windows-amd64 compressed oops)
# Failed to write core dump. Minidumps are not enabled by default on client versions of Windows
#

---------------  T H R E A D  ---------------

Current thread (0x0000000015a80800):  JavaThread "C2 CompilerThread1" daemon [_thread_in_native, id=17116, stack(0x00000000174b0000,0x00000000175b0000)]

Stack: [0x00000000174b0000,0x00000000175b0000]
[error occurred during error reporting (printing stack bounds), id 0xc0000005]

Native frames: (J=compiled Java code, j=interpreted, Vv=VM code, C=native code)


Current CompileTask:
C2:   6355 1916       4       java.net.URLClassLoader$1::run (5 bytes)


---------------  P R O C E S S  ---------------

Java Threads: ( => current thread )
  0x0000000018e43800 JavaThread "shuffle-server-5-1" daemon [_thread_in_native, id=23384, stack(0x000000001d350000,0x000000001d450000)]
  0x0000000018e4a800 JavaThread "driver-heartbeater" daemon [_thread_blocked, id=24192, stack(0x000000001d250000,0x000000001d350000)]
  0x0000000018e43000 JavaThread "dag-scheduler-event-loop" daemon [_thread_blocked, id=24860, stack(0x000000001cf50000,0x000000001d050000)]
  0x0000000018e49000 JavaThread "netty-rpc-env-timeout" daemon [_thread_blocked, id=6188, stack(0x000000001ce50000,0x000000001cf50000)]
  0x0000000018e46000 JavaThread "Timer-1" daemon [_thread_blocked, id=25796, stack(0x000000001cd50000,0x000000001ce50000)]
  0x0000000018e49800 JavaThread "Timer-0" daemon [_thread_blocked, id=26340, stack(0x000000001cc50000,0x000000001cd50000)]
  0x0000000018e44800 JavaThread "heartbeat-receiver-event-loop-thread" daemon [_thread_blocked, id=25864, stack(0x000000001cb50000,0x000000001cc50000)]
  0x0000000018e48000 JavaThread "SparkUI-38" daemon [_thread_blocked, id=25048, stack(0x000000001c850000,0x000000001c950000)]
  0x0000000018e42000 JavaThread "SparkUI-37" daemon [_thread_blocked, id=25412, stack(0x000000001c750000,0x000000001c850000)]
  0x0000000018e46800 JavaThread "SparkUI-36" daemon [_thread_blocked, id=24440, stack(0x000000001c650000,0x000000001c750000)]
  0x0000000018e45000 JavaThread "SparkUI-35" daemon [_thread_blocked, id=22148, stack(0x000000001c550000,0x000000001c650000)]
  0x0000000018e47800 JavaThread "SparkUI-34" daemon [_thread_blocked, id=24584, stack(0x000000001c450000,0x000000001c550000)]
  0x00000000189da800 JavaThread "SparkUI-33" daemon [_thread_in_native, id=17548, stack(0x000000001c350000,0x000000001c450000)]
  0x00000000189d9000 JavaThread "SparkUI-32-acceptor-0@f88c0b3-ServerConnector@14f3f32{HTTP/1.1,[http/1.1]}{0.0.0.0:4041}" daemon [_thread_in_native, id=7360, stack(0x000000001c250000,0x000000001c350000)]
  0x00000000189dc000 JavaThread "SparkUI-31" daemon [_thread_in_native, id=25196, stack(0x000000001c150000,0x000000001c250000)]
  0x00000000189d8800 JavaThread "refresh progress" daemon [_thread_blocked, id=15044, stack(0x000000001c050000,0x000000001c150000)]
  0x00000000189d7800 JavaThread "RemoteBlock-temp-file-clean-thread" daemon [_thread_blocked, id=12880, stack(0x000000001bf50000,0x000000001c050000)]
  0x00000000189d6000 JavaThread "map-output-dispatcher-7" daemon [_thread_blocked, id=20652, stack(0x000000001bb50000,0x000000001bc50000)]
  0x00000000189da000 JavaThread "map-output-dispatcher-6" daemon [_thread_blocked, id=25712, stack(0x000000001ba50000,0x000000001bb50000)]
  0x00000000189db800 JavaThread "map-output-dispatcher-5" daemon [_thread_blocked, id=23392, stack(0x000000001b950000,0x000000001ba50000)]
  0x00000000189d7000 JavaThread "map-output-dispatcher-4" daemon [_thread_blocked, id=228, stack(0x000000001b850000,0x000000001b950000)]
  0x00000000189d5000 JavaThread "map-output-dispatcher-3" daemon [_thread_blocked, id=23172, stack(0x000000001b750000,0x000000001b850000)]
  0x0000000019369800 JavaThread "map-output-dispatcher-2" daemon [_thread_blocked, id=8640, stack(0x000000001b650000,0x000000001b750000)]
  0x0000000019369000 JavaThread "map-output-dispatcher-1" daemon [_thread_blocked, id=23744, stack(0x000000001b550000,0x000000001b650000)]
  0x0000000019368000 JavaThread "map-output-dispatcher-0" daemon [_thread_blocked, id=23620, stack(0x000000001b450000,0x000000001b550000)]
  0x0000000018c6e000 JavaThread "rpc-server-3-1" daemon [_thread_in_native, id=8600, stack(0x000000001b350000,0x000000001b450000)]
  0x0000000018ed9000 JavaThread "dispatcher-event-loop-3" daemon [_thread_blocked, id=25192, stack(0x000000001b050000,0x000000001b150000)]
  0x0000000018ed8800 JavaThread "dispatcher-event-loop-2" daemon [_thread_blocked, id=17712, stack(0x000000001af50000,0x000000001b050000)]
  0x0000000018ed3800 JavaThread "dispatcher-event-loop-1" daemon [_thread_blocked, id=22208, stack(0x000000001ae50000,0x000000001af50000)]
  0x0000000018ed3000 JavaThread "dispatcher-event-loop-0" daemon [_thread_blocked, id=23776, stack(0x000000001ad50000,0x000000001ae50000)]
  0x0000000018ff6000 JavaThread "Thread-3" [_thread_in_native, id=16628, stack(0x000000001aa50000,0x000000001ab50000)]
  0x0000000018c86000 JavaThread "Thread-2" [_thread_in_native, id=16328, stack(0x000000001a950000,0x000000001aa50000)]
  0x0000000018cf7800 JavaThread "pool-1-thread-1" [_thread_blocked, id=25708, stack(0x000000001a850000,0x000000001a950000)]
  0x0000000016e50800 JavaThread "Service Thread" daemon [_thread_blocked, id=25984, stack(0x00000000176b0000,0x00000000177b0000)]
  0x0000000015a8e000 JavaThread "C1 CompilerThread2" daemon [_thread_blocked, id=24716, stack(0x00000000175b0000,0x00000000176b0000)]
=>0x0000000015a80800 JavaThread "C2 CompilerThread1" daemon [_thread_in_native, id=17116, stack(0x00000000174b0000,0x00000000175b0000)]
  0x0000000015a6a800 JavaThread "C2 CompilerThread0" daemon [_thread_in_native, id=18112, stack(0x00000000173b0000,0x00000000174b0000)]
  0x0000000015a69000 JavaThread "Attach Listener" daemon [_thread_blocked, id=1136, stack(0x00000000172b0000,0x00000000173b0000)]
  0x0000000016df3800 JavaThread "Signal Dispatcher" daemon [_thread_blocked, id=18748, stack(0x00000000171b0000,0x00000000172b0000)]
  0x0000000015a42800 JavaThread "Finalizer" daemon [_thread_blocked, id=3408, stack(0x0000000016cb0000,0x0000000016db0000)]
  0x000000000337e000 JavaThread "Reference Handler" daemon [_thread_blocked, id=22488, stack(0x0000000016bb0000,0x0000000016cb0000)]
  0x000000000328d000 JavaThread "main" [_thread_in_native, id=11700, stack(0x00000000030a0000,0x00000000031a0000)]

Other Threads:
  0x0000000015a17800 VMThread [stack: 0x0000000016ab0000,0x0000000016bb0000] [id=6680]
  0x0000000016ee2000 WatcherThread [stack: 0x00000000177b0000,0x00000000178b0000] [id=25512]

VM state:not at safepoint (normal execution)

VM Mutex/Monitor currently owned by a thread: None

Heap:
 PSYoungGen      total 84992K, used 42597K [0x00000000eab00000, 0x00000000f0500000, 0x0000000100000000)
  eden space 79360K, 46% used [0x00000000eab00000,0x00000000ecf1a360,0x00000000ef880000)
  from space 5632K, 99% used [0x00000000ef880000,0x00000000efdff348,0x00000000efe00000)
  to   space 5632K, 0% used [0x00000000efe00000,0x00000000efe00000,0x00000000f0380000)
 ParOldGen       total 67072K, used 6070K [0x00000000c0000000, 0x00000000c4180000, 0x00000000eab00000)
  object space 67072K, 9% used [0x00000000c0000000,0x00000000c05ed838,0x00000000c4180000)
 Metaspace       used 29287K, capacity 29534K, committed 29952K, reserved 1075200K
  class space    used 4173K, capacity 4237K, committed 4352K, reserved 1048576K

Card table byte_map: [0x0000000012740000,0x0000000012950000] byte_map_base: 0x0000000012140000

Marking Bits: (ParMarkBitMap*) 0x000000005f2ed850
 Begin Bits: [0x0000000012eb0000, 0x0000000013eb0000)
 End Bits:   [0x0000000013eb0000, 0x0000000014eb0000)

Polling page: 0x0000000001030000

CodeCache: size=245760Kb used=6207Kb max_used=6219Kb free=239552Kb
 bounds [0x0000000003380000, 0x00000000039a0000, 0x0000000012380000]
 total_blobs=2336 nmethods=1870 adapters=378
 compilation: enabled

Compilation events (10 events):
Event: 6.237 Thread 0x0000000015a8e000 1912       3       scala.collection.immutable.StringOps::toString (11 bytes)
Event: 6.237 Thread 0x0000000015a8e000 nmethod 1912 0x0000000003990410 code [0x0000000003990580, 0x0000000003990850]
Event: 6.237 Thread 0x0000000015a8e000 1913       3       scala.collection.immutable.StringOps$::toString$extension (2 bytes)
Event: 6.237 Thread 0x0000000015a8e000 nmethod 1913 0x0000000003990910 code [0x0000000003990a60, 0x0000000003990bb0]
Event: 6.244 Thread 0x0000000015a6a800 1914   !   4       sun.misc.URLClassPath$JarLoader::getResource (353 bytes)
Event: 6.244 Thread 0x0000000015a80800 1915       4       java.lang.String::equalsIgnoreCase (48 bytes)
Event: 6.252 Thread 0x0000000015a80800 nmethod 1915 0x0000000003993f90 code [0x0000000003994120, 0x0000000003994838]
Event: 6.253 Thread 0x0000000015a6a800 nmethod 1914 0x00000000039912d0 code [0x0000000003991500, 0x0000000003991ee0]
Event: 6.272 Thread 0x0000000015a80800 1916       4       java.net.URLClassLoader$1::run (5 bytes)
Event: 6.272 Thread 0x0000000015a6a800 1917   !   4       java.net.URLClassLoader$1::run (63 bytes)

GC Heap History (10 events):
Event: 3.175 GC heap before
{Heap before GC invocations=5 (full 1):
 PSYoungGen      total 57344K, used 49152K [0x00000000eab00000, 0x00000000eeb00000, 0x0000000100000000)
  eden space 49152K, 100% used [0x00000000eab00000,0x00000000edb00000,0x00000000edb00000)
  from space 8192K, 0% used [0x00000000edb00000,0x00000000edb00000,0x00000000ee300000)
  to   space 8192K, 0% used [0x00000000ee300000,0x00000000ee300000,0x00000000eeb00000)
 ParOldGen       total 67072K, used 3044K [0x00000000c0000000, 0x00000000c4180000, 0x00000000eab00000)
  object space 67072K, 4% used [0x00000000c0000000,0x00000000c02f91a0,0x00000000c4180000)
 Metaspace       used 15951K, capacity 16102K, committed 16512K, reserved 1062912K
  class space    used 2297K, capacity 2325K, committed 2432K, reserved 1048576K
Event: 3.181 GC heap after
Heap after GC invocations=5 (full 1):
 PSYoungGen      total 57344K, used 4034K [0x00000000eab00000, 0x00000000f0b00000, 0x0000000100000000)
  eden space 49152K, 0% used [0x00000000eab00000,0x00000000eab00000,0x00000000edb00000)
  from space 8192K, 49% used [0x00000000ee300000,0x00000000ee6f0bc8,0x00000000eeb00000)
  to   space 8192K, 0% used [0x00000000edb00000,0x00000000edb00000,0x00000000ee300000)
 ParOldGen       total 67072K, used 3052K [0x00000000c0000000, 0x00000000c4180000, 0x00000000eab00000)
  object space 67072K, 4% used [0x00000000c0000000,0x00000000c02fb1a0,0x00000000c4180000)
 Metaspace       used 15951K, capacity 16102K, committed 16512K, reserved 1062912K
  class space    used 2297K, capacity 2325K, committed 2432K, reserved 1048576K
}
Event: 4.214 GC heap before
{Heap before GC invocations=6 (full 1):
 PSYoungGen      total 57344K, used 53186K [0x00000000eab00000, 0x00000000f0b00000, 0x0000000100000000)
  eden space 49152K, 100% used [0x00000000eab00000,0x00000000edb00000,0x00000000edb00000)
  from space 8192K, 49% used [0x00000000ee300000,0x00000000ee6f0bc8,0x00000000eeb00000)
  to   space 8192K, 0% used [0x00000000edb00000,0x00000000edb00000,0x00000000ee300000)
 ParOldGen       total 67072K, used 3052K [0x00000000c0000000, 0x00000000c4180000, 0x00000000eab00000)
  object space 67072K, 4% used [0x00000000c0000000,0x00000000c02fb1a0,0x00000000c4180000)
 Metaspace       used 18601K, capacity 18776K, committed 19200K, reserved 1064960K
  class space    used 2660K, capacity 2680K, committed 2816K, reserved 1048576K
Event: 4.218 GC heap after
Heap after GC invocations=6 (full 1):
 PSYoungGen      total 57344K, used 3573K [0x00000000eab00000, 0x00000000f0380000, 0x0000000100000000)
  eden space 49152K, 0% used [0x00000000eab00000,0x00000000eab00000,0x00000000edb00000)
  from space 8192K, 43% used [0x00000000edb00000,0x00000000ede7d490,0x00000000ee300000)
  to   space 5632K, 0% used [0x00000000efe00000,0x00000000efe00000,0x00000000f0380000)
 ParOldGen       total 67072K, used 3060K [0x00000000c0000000, 0x00000000c4180000, 0x00000000eab00000)
  object space 67072K, 4% used [0x00000000c0000000,0x00000000c02fd1a0,0x00000000c4180000)
 Metaspace       used 18601K, capacity 18776K, committed 19200K, reserved 1064960K
  class space    used 2660K, capacity 2680K, committed 2816K, reserved 1048576K
}
Event: 4.520 GC heap before
{Heap before GC invocations=7 (full 1):
 PSYoungGen      total 57344K, used 40714K [0x00000000eab00000, 0x00000000f0380000, 0x0000000100000000)
  eden space 49152K, 75% used [0x00000000eab00000,0x00000000ecf45500,0x00000000edb00000)
  from space 8192K, 43% used [0x00000000edb00000,0x00000000ede7d490,0x00000000ee300000)
  to   space 5632K, 0% used [0x00000000efe00000,0x00000000efe00000,0x00000000f0380000)
 ParOldGen       total 67072K, used 3060K [0x00000000c0000000, 0x00000000c4180000, 0x00000000eab00000)
  object space 67072K, 4% used [0x00000000c0000000,0x00000000c02fd1a0,0x00000000c4180000)
 Metaspace       used 21010K, capacity 21130K, committed 21296K, reserved 1067008K
  class space    used 3006K, capacity 3025K, committed 3072K, reserved 1048576K
Event: 4.526 GC heap after
Heap after GC invocations=7 (full 1):
 PSYoungGen      total 84992K, used 3352K [0x00000000eab00000, 0x00000000f0500000, 0x0000000100000000)
  eden space 79360K, 0% used [0x00000000eab00000,0x00000000eab00000,0x00000000ef880000)
  from space 5632K, 59% used [0x00000000efe00000,0x00000000f01463e0,0x00000000f0380000)
  to   space 5632K, 0% used [0x00000000ef880000,0x00000000ef880000,0x00000000efe00000)
 ParOldGen       total 67072K, used 3068K [0x00000000c0000000, 0x00000000c4180000, 0x00000000eab00000)
  object space 67072K, 4% used [0x00000000c0000000,0x00000000c02ff1a0,0x00000000c4180000)
 Metaspace       used 21010K, capacity 21130K, committed 21296K, reserved 1067008K
  class space    used 3006K, capacity 3025K, committed 3072K, reserved 1048576K
}
Event: 4.526 GC heap before
{Heap before GC invocations=8 (full 2):
 PSYoungGen      total 84992K, used 3352K [0x00000000eab00000, 0x00000000f0500000, 0x0000000100000000)
  eden space 79360K, 0% used [0x00000000eab00000,0x00000000eab00000,0x00000000ef880000)
  from space 5632K, 59% used [0x00000000efe00000,0x00000000f01463e0,0x00000000f0380000)
  to   space 5632K, 0% used [0x00000000ef880000,0x00000000ef880000,0x00000000efe00000)
 ParOldGen       total 67072K, used 3068K [0x00000000c0000000, 0x00000000c4180000, 0x00000000eab00000)
  object space 67072K, 4% used [0x00000000c0000000,0x00000000c02ff1a0,0x00000000c4180000)
 Metaspace       used 21010K, capacity 21130K, committed 21296K, reserved 1067008K
  class space    used 3006K, capacity 3025K, committed 3072K, reserved 1048576K
Event: 4.598 GC heap after
Heap after GC invocations=8 (full 2):
 PSYoungGen      total 84992K, used 0K [0x00000000eab00000, 0x00000000f0500000, 0x0000000100000000)
  eden space 79360K, 0% used [0x00000000eab00000,0x00000000eab00000,0x00000000ef880000)
  from space 5632K, 0% used [0x00000000efe00000,0x00000000efe00000,0x00000000f0380000)
  to   space 5632K, 0% used [0x00000000ef880000,0x00000000ef880000,0x00000000efe00000)
 ParOldGen       total 67072K, used 5580K [0x00000000c0000000, 0x00000000c4180000, 0x00000000eab00000)
  object space 67072K, 8% used [0x00000000c0000000,0x00000000c0573060,0x00000000c4180000)
 Metaspace       used 21010K, capacity 21130K, committed 21296K, reserved 1067008K
  class space    used 3006K, capacity 3025K, committed 3072K, reserved 1048576K
}
Event: 6.055 GC heap before
{Heap before GC invocations=9 (full 2):
 PSYoungGen      total 84992K, used 79360K [0x00000000eab00000, 0x00000000f0500000, 0x0000000100000000)
  eden space 79360K, 100% used [0x00000000eab00000,0x00000000ef880000,0x00000000ef880000)
  from space 5632K, 0% used [0x00000000efe00000,0x00000000efe00000,0x00000000f0380000)
  to   space 5632K, 0% used [0x00000000ef880000,0x00000000ef880000,0x00000000efe00000)
 ParOldGen       total 67072K, used 5580K [0x00000000c0000000, 0x00000000c4180000, 0x00000000eab00000)
  object space 67072K, 8% used [0x00000000c0000000,0x00000000c0573060,0x00000000c4180000)
 Metaspace       used 26485K, capacity 26686K, committed 27136K, reserved 1073152K
  class space    used 3766K, capacity 3821K, committed 3840K, reserved 1048576K
Event: 6.062 GC heap after
Heap after GC invocations=9 (full 2):
 PSYoungGen      total 84992K, used 5628K [0x00000000eab00000, 0x00000000f0500000, 0x0000000100000000)
  eden space 79360K, 0% used [0x00000000eab00000,0x00000000eab00000,0x00000000ef880000)
  from space 5632K, 99% used [0x00000000ef880000,0x00000000efdff348,0x00000000efe00000)
  to   space 5632K, 0% used [0x00000000efe00000,0x00000000efe00000,0x00000000f0380000)
 ParOldGen       total 67072K, used 6070K [0x00000000c0000000, 0x00000000c4180000, 0x00000000eab00000)
  object space 67072K, 9% used [0x00000000c0000000,0x00000000c05ed838,0x00000000c4180000)
 Metaspace       used 26485K, capacity 26686K, committed 27136K, reserved 1073152K
  class space    used 3766K, capacity 3821K, committed 3840K, reserved 1048576K
}

Deoptimization events (10 events):
Event: 2.868 Thread 0x000000000328d000 Uncommon trap: reason=unstable_if action=reinterpret pc=0x0000000003592c58 method=java.util.HashMap.getNode(ILjava/lang/Object;)Ljava/util/HashMap$Node; @ 62
Event: 2.868 Thread 0x000000000328d000 Uncommon trap: reason=unstable_if action=reinterpret pc=0x00000000035762a4 method=java.util.HashMap.getNode(ILjava/lang/Object;)Ljava/util/HashMap$Node; @ 62
Event: 3.010 Thread 0x000000000328d000 Uncommon trap: reason=unstable_if action=reinterpret pc=0x00000000036296a0 method=java.util.regex.Pattern$Slice.match(Ljava/util/regex/Matcher;ILjava/lang/CharSequence;)Z @ 54
Event: 3.097 Thread 0x000000000328d000 Uncommon trap: reason=unstable_if action=reinterpret pc=0x00000000037618dc method=org.apache.xerces.impl.XMLEntityScanner.scanQName(Lorg/apache/xerces/xni/QName;)Z @ 68
Event: 3.326 Thread 0x000000000328d000 Uncommon trap: reason=unstable_if action=reinterpret pc=0x000000000374279c method=java.lang.ref.ReferenceQueue.poll()Ljava/lang/ref/Reference; @ 4
Event: 3.512 Thread 0x000000000328d000 Uncommon trap: reason=unstable_if action=reinterpret pc=0x00000000034a4fc0 method=java.lang.CharacterData.of(I)Ljava/lang/CharacterData; @ 4
Event: 3.869 Thread 0x0000000018ff6000 Uncommon trap: reason=unstable_if action=reinterpret pc=0x000000000381b500 method=java.lang.String.regionMatches(ZILjava/lang/String;II)Z @ 123
Event: 4.391 Thread 0x0000000018ff6000 Uncommon trap: reason=unstable_if action=reinterpret pc=0x00000000038350a0 method=sun.misc.URLClassPath$JarLoader.getResource(Ljava/lang/String;ZLjava/util/Set;)Lsun/misc/Resource; @ 17
Event: 5.859 Thread 0x0000000018ff6000 Uncommon trap: reason=unstable_if action=reinterpret pc=0x0000000003853b44 method=java.util.jar.Manifest$FastInputStream.readLine([BII)I @ 87
Event: 5.993 Thread 0x0000000018ff6000 Uncommon trap: reason=unstable_if action=reinterpret pc=0x0000000003841804 method=sun.net.www.protocol.jar.Handler.parseURL(Ljava/net/URL;Ljava/lang/String;II)V @ 94

Internal exceptions (10 events):
Event: 5.802 Thread 0x0000000018ff6000 Exception <a 'java/lang/NullPointerException'> (0x00000000edaab208) thrown at [C:\re\workspace\8-2-build-windows-amd64-cygwin\jdk8u151\9699\hotspot\src\share\vm\runtime\sharedRuntime.cpp, line 605]
Event: 5.924 Thread 0x0000000018ff6000 Exception <a 'java/net/BindException': Address already in use: bind> (0x00000000eea245b8) thrown at [C:\re\workspace\8-2-build-windows-amd64-cygwin\jdk8u151\9699\hotspot\src\share\vm\prims\jni.cpp, line 735]
Event: 6.188 Thread 0x0000000018ff6000 Exception <a 'java/lang/ArrayIndexOutOfBoundsException'> (0x00000000eba07078) thrown at [C:\re\workspace\8-2-build-windows-amd64-cygwin\jdk8u151\9699\hotspot\src\share\vm\runtime\sharedRuntime.cpp, line 605]
Event: 6.188 Thread 0x0000000018ff6000 Exception <a 'java/lang/ArrayIndexOutOfBoundsException'> (0x00000000eba08320) thrown at [C:\re\workspace\8-2-build-windows-amd64-cygwin\jdk8u151\9699\hotspot\src\share\vm\runtime\sharedRuntime.cpp, line 605]
Event: 6.188 Thread 0x0000000018ff6000 Exception <a 'java/lang/ArrayIndexOutOfBoundsException'> (0x00000000eba09928) thrown at [C:\re\workspace\8-2-build-windows-amd64-cygwin\jdk8u151\9699\hotspot\src\share\vm\runtime\sharedRuntime.cpp, line 605]
Event: 6.193 Thread 0x0000000018ff6000 Exception <a 'java/lang/ArrayIndexOutOfBoundsException'> (0x00000000eba2ef40) thrown at [C:\re\workspace\8-2-build-windows-amd64-cygwin\jdk8u151\9699\hotspot\src\share\vm\runtime\sharedRuntime.cpp, line 605]
Event: 6.193 Thread 0x0000000018ff6000 Exception <a 'java/lang/ArrayIndexOutOfBoundsException'> (0x00000000eba30ca0) thrown at [C:\re\workspace\8-2-build-windows-amd64-cygwin\jdk8u151\9699\hotspot\src\share\vm\runtime\sharedRuntime.cpp, line 605]
Event: 6.193 Thread 0x0000000018ff6000 Exception <a 'java/lang/ArrayIndexOutOfBoundsException'> (0x00000000eba31f08) thrown at [C:\re\workspace\8-2-build-windows-amd64-cygwin\jdk8u151\9699\hotspot\src\share\vm\runtime\sharedRuntime.cpp, line 605]
Event: 6.197 Thread 0x0000000018ff6000 Exception <a 'java/lang/ArrayIndexOutOfBoundsException'> (0x00000000eba574a8) thrown at [C:\re\workspace\8-2-build-windows-amd64-cygwin\jdk8u151\9699\hotspot\src\share\vm\runtime\sharedRuntime.cpp, line 605]
Event: 6.201 Thread 0x0000000018ff6000 Exception <a 'java/lang/ArrayIndexOutOfBoundsException'> (0x00000000eba654a8) thrown at [C:\re\workspace\8-2-build-windows-amd64-cygwin\jdk8u151\9699\hotspot\src\share\vm\runtime\sharedRuntime.cpp, line 605]

Events (10 events):
Event: 6.348 loading class com/fasterxml/jackson/core/TreeNode
Event: 6.348 loading class com/fasterxml/jackson/core/TreeNode done
Event: 6.349 loading class com/fasterxml/jackson/databind/JsonSerializable$Base
Event: 6.349 loading class com/fasterxml/jackson/databind/JsonSerializable$Base done
Event: 6.350 loading class com/fasterxml/jackson/databind/node/NullNode
Event: 6.350 loading class com/fasterxml/jackson/databind/node/NullNode done
Event: 6.351 loading class com/fasterxml/jackson/databind/node/ValueNode
Event: 6.351 loading class com/fasterxml/jackson/databind/node/ValueNode done
Event: 6.353 loading class com/fasterxml/jackson/databind/node/BaseJsonNode
Event: 6.353 loading class com/fasterxml/jackson/databind/node/BaseJsonNode done


Dynamic libraries:
0x00007ff6a16c0000 - 0x00007ff6a16f7000 	C:\Program Files\Java\jdk1.8.0_151\bin\java.exe
0x00007ffb53680000 - 0x00007ffb53870000 	C:\Windows\SYSTEM32\ntdll.dll
0x00007ffb53140000 - 0x00007ffb531f3000 	C:\Windows\System32\KERNEL32.DLL
0x00007ffb51300000 - 0x00007ffb515a5000 	C:\Windows\System32\KERNELBASE.dll
0x00007ffb51720000 - 0x00007ffb517c3000 	C:\Windows\System32\ADVAPI32.dll
0x00007ffb53260000 - 0x00007ffb532fe000 	C:\Windows\System32\msvcrt.dll
0x00007ffb53530000 - 0x00007ffb535c7000 	C:\Windows\System32\sechost.dll
0x00007ffb53370000 - 0x00007ffb5348f000 	C:\Windows\System32\RPCRT4.dll
0x00007ffb52150000 - 0x00007ffb522e4000 	C:\Windows\System32\USER32.dll
0x00007ffb50830000 - 0x00007ffb50851000 	C:\Windows\System32\win32u.dll
0x00007ffb51c50000 - 0x00007ffb51c76000 	C:\Windows\System32\GDI32.dll
0x00007ffb509b0000 - 0x00007ffb50b48000 	C:\Windows\System32\gdi32full.dll
0x00007ffb505f0000 - 0x00007ffb5068e000 	C:\Windows\System32\msvcp_win.dll
0x00007ffb508b0000 - 0x00007ffb509aa000 	C:\Windows\System32\ucrtbase.dll
0x00007ffb41810000 - 0x00007ffb41a94000 	C:\Windows\WinSxS\amd64_microsoft.windows.common-controls_6595b64144ccf1df_6.0.18362.1916_none_9e7a3577e461ddbd\COMCTL32.dll
0x00007ffb52b20000 - 0x00007ffb52e56000 	C:\Windows\System32\combase.dll
0x00007ffb507a0000 - 0x00007ffb50824000 	C:\Windows\System32\bcryptPrimitives.dll
0x00007ffb53500000 - 0x00007ffb5352e000 	C:\Windows\System32\IMM32.DLL
0x000000005f370000 - 0x000000005f442000 	C:\Program Files\Java\jdk1.8.0_151\jre\bin\msvcr100.dll
0x000000005ead0000 - 0x000000005f36d000 	C:\Program Files\Java\jdk1.8.0_151\jre\bin\server\jvm.dll
0x00007ffb534f0000 - 0x00007ffb534f8000 	C:\Windows\System32\PSAPI.DLL
0x00007ffb493c0000 - 0x00007ffb493e4000 	C:\Windows\SYSTEM32\WINMM.dll
0x00007ffb491f0000 - 0x00007ffb491fa000 	C:\Windows\SYSTEM32\VERSION.dll
0x00007ffb4e130000 - 0x00007ffb4e139000 	C:\Windows\SYSTEM32\WSOCK32.dll
0x00007ffb52fa0000 - 0x00007ffb5300f000 	C:\Windows\System32\WS2_32.dll
0x00007ffb49390000 - 0x00007ffb493bd000 	C:\Windows\SYSTEM32\winmmbase.dll
0x00007ffb50860000 - 0x00007ffb508aa000 	C:\Windows\System32\cfgmgr32.dll
0x000000005f470000 - 0x000000005f47f000 	C:\Program Files\Java\jdk1.8.0_151\jre\bin\verify.dll
0x000000005eaa0000 - 0x000000005eac9000 	C:\Program Files\Java\jdk1.8.0_151\jre\bin\java.dll
0x000000005ea80000 - 0x000000005ea96000 	C:\Program Files\Java\jdk1.8.0_151\jre\bin\zip.dll
0x00007ffb522f0000 - 0x00007ffb529d7000 	C:\Windows\System32\SHELL32.dll
0x00007ffb52ef0000 - 0x00007ffb52f99000 	C:\Windows\System32\shcore.dll
0x00007ffb50b80000 - 0x00007ffb512fb000 	C:\Windows\System32\windows.storage.dll
0x00007ffb505b0000 - 0x00007ffb505ce000 	C:\Windows\System32\profapi.dll
0x00007ffb50540000 - 0x00007ffb5058a000 	C:\Windows\System32\powrprof.dll
0x00007ffb50530000 - 0x00007ffb50540000 	C:\Windows\System32\UMPDC.dll
0x00007ffb53490000 - 0x00007ffb534e2000 	C:\Windows\System32\shlwapi.dll
0x00007ffb50590000 - 0x00007ffb505a1000 	C:\Windows\System32\kernel.appcore.dll
0x00007ffb51700000 - 0x00007ffb51717000 	C:\Windows\System32\cryptsp.dll
0x000000005ea60000 - 0x000000005ea7a000 	C:\Program Files\Java\jdk1.8.0_151\jre\bin\net.dll
0x00007ffb4fd70000 - 0x00007ffb4fdd7000 	C:\Windows\system32\mswsock.dll
0x00007ffb39f10000 - 0x00007ffb39f26000 	C:\Windows\system32\napinsp.dll
0x00007ffb39ef0000 - 0x00007ffb39f0a000 	C:\Windows\system32\pnrpnsp.dll
0x00007ffb4fac0000 - 0x00007ffb4fb8a000 	C:\Windows\SYSTEM32\DNSAPI.dll
0x00007ffb53300000 - 0x00007ffb53308000 	C:\Windows\System32\NSI.dll
0x00007ffb4fa80000 - 0x00007ffb4faba000 	C:\Windows\SYSTEM32\IPHLPAPI.DLL
0x00007ffb39ee0000 - 0x00007ffb39eee000 	C:\Windows\System32\winrnr.dll
0x00007ffb4df50000 - 0x00007ffb4df6c000 	C:\Windows\system32\NLAapi.dll
0x00007ffb4bfd0000 - 0x00007ffb4bfe5000 	C:\Windows\system32\wshbth.dll
0x00007ffb49e00000 - 0x00007ffb49e0a000 	C:\Windows\System32\rasadhlp.dll
0x00007ffb482b0000 - 0x00007ffb48327000 	C:\Windows\System32\fwpuclnt.dll
0x00007ffb50b50000 - 0x00007ffb50b76000 	C:\Windows\System32\bcrypt.dll
0x00007ffb4f8f0000 - 0x00007ffb4f923000 	C:\Windows\system32\rsaenh.dll
0x00007ffb50420000 - 0x00007ffb50445000 	C:\Windows\SYSTEM32\USERENV.dll
0x00007ffb4ff40000 - 0x00007ffb4ff4c000 	C:\Windows\SYSTEM32\CRYPTBASE.dll
0x00007ffb48e60000 - 0x00007ffb48e76000 	C:\Windows\SYSTEM32\dhcpcsvc6.DLL
0x00007ffb493f0000 - 0x00007ffb4940c000 	C:\Windows\SYSTEM32\dhcpcsvc.DLL
0x000000005ea00000 - 0x000000005ea11000 	C:\Program Files\Java\jdk1.8.0_151\jre\bin\nio.dll
0x000000005ea50000 - 0x000000005ea5d000 	C:\Program Files\Java\jdk1.8.0_151\jre\bin\management.dll
0x000000005e9f0000 - 0x000000005e9f9000 	C:\Program Files\Java\jdk1.8.0_151\jre\bin\w2k_lsa_auth.dll
0x00007ffb3d240000 - 0x00007ffb3d24c000 	C:\Windows\SYSTEM32\Secur32.dll
0x00007ffb50450000 - 0x00007ffb5047f000 	C:\Windows\SYSTEM32\SSPICLI.DLL
0x00007ffb4a010000 - 0x00007ffb4a02d000 	C:\hadhoop\hadoop-2.7.0\hadoop-2.7.0\bin\hadoop.dll
0x00007ffb3cef0000 - 0x00007ffb3cf07000 	C:\Windows\SYSTEM32\NETAPI32.dll
0x00007ffb4f650000 - 0x00007ffb4f69a000 	C:\Windows\SYSTEM32\AUTHZ.dll
0x00007ffb4fb90000 - 0x00007ffb4fb9c000 	C:\Windows\SYSTEM32\NETUTILS.DLL
0x00007ffb48e20000 - 0x00007ffb48e38000 	C:\Windows\SYSTEM32\SAMCLI.DLL
0x000000005e9e0000 - 0x000000005e9e9000 	C:\Program Files\Java\jdk1.8.0_151\jre\bin\jaas_nt.dll

VM Arguments:
jvm_args: -Xmx1g 
java_command: org.apache.spark.deploy.SparkSubmit --conf spark.master=local[*] --conf spark.app.name=miniProject pyspark-shell
java_class_path (initial): C:\spark2\spark-2.4.1-bin-hadoop2.7\spark-2.4.1-bin-hadoop2.7\bin\..\conf\;C:\spark2\spark-2.4.1-bin-hadoop2.7\spark-2.4.1-bin-hadoop2.7\jars\activation-1.1.1.jar;C:\spark2\spark-2.4.1-bin-hadoop2.7\spark-2.4.1-bin-hadoop2.7\jars\aircompressor-0.10.jar;C:\spark2\spark-2.4.1-bin-hadoop2.7\spark-2.4.1-bin-hadoop2.7\jars\antlr-2.7.7.jar;C:\spark2\spark-2.4.1-bin-hadoop2.7\spark-2.4.1-bin-hadoop2.7\jars\antlr-runtime-3.4.jar;C:\spark2\spark-2.4.1-bin-hadoop2.7\spark-2.4.1-bin-hadoop2.7\jars\antlr4-runtime-4.7.jar;C:\spark2\spark-2.4.1-bin-hadoop2.7\spark-2.4.1-bin-hadoop2.7\jars\aopalliance-1.0.jar;C:\spark2\spark-2.4.1-bin-hadoop2.7\spark-2.4.1-bin-hadoop2.7\jars\aopalliance-repackaged-2.4.0-b34.jar;C:\spark2\spark-2.4.1-bin-hadoop2.7\spark-2.4.1-bin-hadoop2.7\jars\apache-log4j-extras-1.2.17.jar;C:\spark2\spark-2.4.1-bin-hadoop2.7\spark-2.4.1-bin-hadoop2.7\jars\apacheds-i18n-2.0.0-M15.jar;C:\spark2\spark-2.4.1-bin-hadoop2.7\spark-2.4.1-bin-hadoop2.7\jars\apacheds-kerberos-codec-2.0.0-M15.jar;C:\spark2\spark-2.4.1-bin-hadoop2.7\spark-2.4.1-bin-hadoop2.7\jars\api-asn1-api-1.0.0-M20.jar;C:\spark2\spark-2.4.1-bin-hadoop2.7\spark-2.4.1-bin-hadoop2.7\jars\api-util-1.0.0-M20.jar;C:\spark2\spark-2.4.1-bin-hadoop2.7\spark-2.4.1-bin-hadoop2.7\jars\arpack_combined_all-0.1.jar;C:\spark2\spark-2.4.1-bin-hadoop2.7\spark-2.4.1-bin-hadoop2.7\jars\arrow-format-0.10.0.jar;C:\spark2\spark-2.4.1-bin-hadoop2.7\spark-2.4.1-bin-hadoop2.7\jars\arrow-memory-0.10.0.jar;C:\spark2\spark-2.4.1-bin-hadoop2.7\spark-2.4.1-bin-hadoop2.7\jars\arrow-vector-0.10.0.jar;C:\spark2\spark-2.4.1-bin-hadoop2.7\spark-2.4.1-bin-hadoop2.7\jars\automaton-1.11-8.jar;C:\spark2\spark-2.4.1-bin-hadoop2.7\spark-2.4.1-bin-hadoop2.7\jars\avro-1.8.2.jar;C:\spark2\spark-2.4.1-bin-hadoop2.7\spark-2.4.1-bin-hadoop2.7\jars\avro-ipc-1.8.2.jar;C:\spark2\spark-2.4.1-bin-hadoop2.7\spark-2.4.1-bin-hadoop2.7\jars\avro-mapred-1.8.2-hadoop2.jar;C:\spark2\spark-2.4.1-bin-hadoop2.7\spark-2.4.1-bin-hadoop2.7\
Launcher Type: SUN_STANDARD

Environment Variables:
JAVA_HOME=C:\Program Files\Java\jdk1.8.0_151
CLASSPATH=.;C:\Program Files (x86)\scala\lib;C:\Program Files (x86)\scala\bin
PATH=C:\Anaconda3\envs\tensorflow-gpu\Library\bin;C:\Anaconda3\envs\tensorflow-gpu;C:\Anaconda3\envs\tensorflow-gpu\Library\mingw-w64\bin;C:\Anaconda3\envs\tensorflow-gpu\Library\usr\bin;C:\Anaconda3\envs\tensorflow-gpu\Library\bin;C:\Anaconda3\envs\tensorflow-gpu\Scripts;C:\Anaconda3\envs\tensorflow-gpu\bin;C:\Anaconda3\condabin;C:\Anaconda3;C:\Anaconda3\Library\mingw-w64\bin;C:\Anaconda3\Library\usr\bin;C:\Anaconda3\Library\bin;C:\Anaconda3\Scripts;C:\Program Files (x86)\Common Files\Intel\Shared Libraries\redist\intel64\compiler;C:\ProgramData\Oracle\Java\javapath;C:\python36\Scripts;C:\python36;C:\python27;C:\python27\Scripts;C:\WINDOWS\system32;C:\WINDOWS;C:\WINDOWS\System32\Wbem;C:\WINDOWS\System32\WindowsPowerShell\v1.0;C:\Program Files\Git\cmd;C:\Program Files\Java\jdk1.8.0_151\bin;C:\Program Files\Java\jdk1.8.0_151\jre\bin;C:\WINDOWS\System32\OpenSSH;D:\matlab\bin;C:\python36\Lib\site-packages\django\bin;D:\nvm\nvm;D:\nvm\nvm\v6.4.0;D:\nvm\nvm\v8.4.0;D:\graphviz\bin;D:\xftp6\Xftp.exe;C:\Program Files (x86)\dotnet;D:\anaconda;D:\anaconda\Scripts;C:\mysql\bin;C:\maven\bin;C:\Program Files\Git;C:\Program Files\NVIDIA Corporation\NVSMI;C:\Program Files (x86)\NetSarang\Xshell 7;C:\Program Files (x86)\scala\bin;C:\spark2\spark-2.4.1-bin-hadoop2.7\spark-2.4.1-bin-hadoop2.7\bin;C:\hadhoop\hadoop-2.7.0\hadoop-2.7.0\sbin;C:\hadhoop\hadoop-2.7.0\hadoop-2.7.0\bin;C:\Program Files\MIT\Kerberos\bin;C:\redis\Redis-x64-5.0.10;C:\mongodb\installedlocation\bin;C:\spark2\spark-2.4.1-bin-hadoop2.7\spark-2.4.1-bin-hadoop2.7\sbin;C:\Hbase\bin;C:\Hbase\lib;C:\Users\15216\AppData\Local\Microsoft\WindowsApps;D:\nvm\nvm;D:\nvm;.;D:\VS CODE\Microsoft VS Code\bin;C:\Program Files\JetBrains\IntelliJ IDEA 2020.3.3\bin;.;C:\Program Files\JetBrains\PyCharm 2021.2.3\bin;.;C:\Anaconda3\envs\tensorflow-gpu\lib\site-packages\numpy\.libs
USERNAME=15216
OS=Windows_NT
PROCESSOR_IDENTIFIER=Intel64 Family 6 Model 60 Stepping 3, GenuineIntel



---------------  S Y S T E M  ---------------

OS: Windows 10.0 , 64 bit Build 18362 (10.0.18362.1916)

CPU:total 4 (initial active 4) (2 cores per cpu, 2 threads per core) family 6 model 60 stepping 3, cmov, cx8, fxsr, mmx, sse, sse2, sse3, ssse3, sse4.1, sse4.2, popcnt, avx, avx2, aes, clmul, erms, lzcnt, ht, tsc, tscinvbit, bmi1, bmi2

Memory: 4k page, physical 12469244k(3803988k free), swap 18760700k(4116k free)

vm_info: Java HotSpot(TM) 64-Bit Server VM (25.151-b12) for windows-amd64 JRE (1.8.0_151-b12), built on Sep  5 2017 19:33:46 by "java_re" with MS VC++ 10.0 (VS2010)

time: Tue Dec 14 17:00:25 2021
elapsed time: 6 seconds (0d 0h 0m 6s)

